[ui-themez.smartinnovates.net/items/Gavi/dark/home.html]
[backblue.gif]
[fade.gif]
[index.html]
[ui-themez.smartinnovates.net/items/Gavi/dark/assets/imgs/favicon.ico]
[ui-themez.smartinnovates.net/items/Gavi/dark/assets/css/plugins.css]
[ui-themez.smartinnovates.net/items/Gavi/dark/assets/css/style.css]
[ui-themez.smartinnovates.net/items/Gavi/dark/assets/imgs/logo-light.png]
[ui-themez.smartinnovates.net/items/Gavi/dark/assets/imgs/header/profile.jpg]
[ui-themez.smartinnovates.net/items/Gavi/dark/assets/imgs/header/icon1.png]
[ui-themez.smartinnovates.net/items/Gavi/dark/assets/imgs/header/icon2.png]
[ui-themez.smartinnovates.net/items/Gavi/dark/assets/imgs/header/icon4.png]
[ui-themez.smartinnovates.net/items/Gavi/dark/assets/imgs/serv-img/1.png]
[ui-themez.smartinnovates.net/items/Gavi/dark/assets/imgs/serv-img/2.png]
[ui-themez.smartinnovates.net/items/Gavi/dark/assets/imgs/serv-img/3.png]
[ui-themez.smartinnovates.net/items/Gavi/dark/assets/imgs/serv-img/4.png]
[ui-themez.smartinnovates.net/items/Gavi/dark/assets/imgs/resume/s1.png]
[ui-themez.smartinnovates.net/items/Gavi/dark/assets/imgs/resume/s2.png]
[ui-themez.smartinnovates.net/items/Gavi/dark/assets/imgs/resume/s3.png]
[ui-themez.smartinnovates.net/items/Gavi/dark/assets/imgs/resume/s4.png]
[ui-themez.smartinnovates.net/items/Gavi/dark/assets/imgs/awards/1.png]
[ui-themez.smartinnovates.net/items/Gavi/dark/assets/imgs/awards/2.png]
[ui-themez.smartinnovates.net/items/Gavi/dark/assets/imgs/awards/3.png]
[ui-themez.smartinnovates.net/items/Gavi/dark/works.html]
[ui-themez.smartinnovates.net/items/Gavi/dark/project-details.html]
[ui-themez.smartinnovates.net/items/Gavi/dark/assets/imgs/works/1.jpg]
[ui-themez.smartinnovates.net/items/Gavi/dark/assets/imgs/works/2.jpg]
[ui-themez.smartinnovates.net/items/Gavi/dark/assets/imgs/works/3.jpg]
[ui-themez.smartinnovates.net/items/Gavi/dark/assets/imgs/works/4.jpg]
[ui-themez.smartinnovates.net/items/Gavi/dark/assets/imgs/svg-assets/quote.png]
[ui-themez.smartinnovates.net/items/Gavi/dark/assets/imgs/testim/1.jpg]
[ui-themez.smartinnovates.net/items/Gavi/dark/assets/imgs/testim/2.jpg]
[ui-themez.smartinnovates.net/items/Gavi/dark/assets/imgs/testim/3.jpg]
[ui-themez.smartinnovates.net/items/Gavi/dark/blogs.html]
[ui-themez.smartinnovates.net/items/Gavi/dark/assets/imgs/blog/1.jpg]
[ui-themez.smartinnovates.net/items/Gavi/dark/blog-details.html]
[ui-themez.smartinnovates.net/items/Gavi/dark/assets/imgs/blog/2.jpg]
[ui-themez.smartinnovates.net/items/Gavi/dark/assets/imgs/blog/3.jpg]
[ui-themez.smartinnovates.net/items/Gavi/dark/assets/js/jquery-migrate-3.4.0.min.js]
[ui-themez.smartinnovates.net/items/Gavi/dark/assets/js/jquery-3.6.0.min.js]
[ui-themez.smartinnovates.net/items/Gavi/dark/assets/js/ScrollTrigger.min.js]
[ui-themez.smartinnovates.net/items/Gavi/dark/assets/js/plugins.js]
[ui-themez.smartinnovates.net/items/Gavi/dark/home.html]
[ui-themez.smartinnovates.net/items/Gavi/dark/assets/js/scripts.js]
[ui-themez.smartinnovates.net/items/Gavi/dark/assets/css/plugins/animate.min.css]
[ui-themez.smartinnovates.net/items/Gavi/dark/assets/css/plugins/bootstrap.min.css]
[ui-themez.smartinnovates.net/items/Gavi/dark/assets/css/plugins/ionicons.min.css]
[ui-themez.smartinnovates.net/items/Gavi/dark/assets/css/plugins/pe-icon-7-stroke.css]
[ui-themez.smartinnovates.net/items/Gavi/dark/assets/css/plugins/fontawesome-all.min.css]
[ui-themez.smartinnovates.net/items/Gavi/dark/assets/css/plugins/justifiedGallery.min.css]
[ui-themez.smartinnovates.net/items/Gavi/dark/assets/css/plugins/magnific-popup.css]
[ui-themez.smartinnovates.net/items/Gavi/dark/assets/css/plugins/YouTubePopUp.css]
[ui-themez.smartinnovates.net/items/Gavi/dark/assets/css/plugins.css]
[ui-themez.smartinnovates.net/items/Gavi/dark/assets/css/plugins/swiper.min.css]
[ui-themez.smartinnovates.net/items/Gavi/dark/assets/imgs/patterns/noise1.png]
[ui-themez.smartinnovates.net/items/Gavi/dark/assets/imgs/paper-plane.png]
[ui-themez.smartinnovates.net/items/Gavi/dark/assets/css/style.css]
[ui-themez.smartinnovates.net/items/Gavi/dark/works.html]
[ui-themez.smartinnovates.net/items/Gavi/dark/assets/imgs/works/project/1.png]
[ui-themez.smartinnovates.net/items/Gavi/dark/assets/imgs/works/project/2.png]
[ui-themez.smartinnovates.net/items/Gavi/dark/assets/imgs/works/project/3.png]
[ui-themez.smartinnovates.net/items/Gavi/dark/project-details.html]
[ui-themez.smartinnovates.net/items/Gavi/dark/assets/imgs/blog/m1.jpg]
[ui-themez.smartinnovates.net/items/Gavi/dark/blogs.html]
[ui-themez.smartinnovates.net/items/Gavi/dark/assets/imgs/blog/m.jpg]
[ui-themez.smartinnovates.net/items/Gavi/dark/assets/imgs/blog/b1.jpg]
[ui-themez.smartinnovates.net/items/Gavi/dark/assets/imgs/blog/b2.jpg]
[ui-themez.smartinnovates.net/items/Gavi/dark/assets/imgs/blog/author1.jpg]
[ui-themez.smartinnovates.net/items/Gavi/dark/blog-details.html]
[ui-themez.smartinnovates.net/items/Gavi/dark/assets/css/plugins/bootstrap.min.css]
[ui-themez.smartinnovates.net/items/Gavi/dark/assets/css/plugins/animate.min.css]
[ui-themez.smartinnovates.net/items/Gavi/dark/assets/fonts/ionicons28b5.ttf]
[ui-themez.smartinnovates.net/items/Gavi/dark/assets/fonts/ionicons28b5.eot]
[ui-themez.smartinnovates.net/items/Gavi/dark/assets/fonts/ionicons28b5.woff]
[ui-themez.smartinnovates.net/items/Gavi/dark/assets/fonts/ionicons28b5.svg]
[ui-themez.smartinnovates.net/items/Gavi/dark/assets/css/plugins/ionicons.min.css]
[ui-themez.smartinnovates.net/items/Gavi/dark/assets/fonts/Pe-icon-7-strokebb1d.eot]
[ui-themez.smartinnovates.net/items/Gavi/dark/assets/fonts/Pe-icon-7-stroked41d.eot]
[ui-themez.smartinnovates.net/items/Gavi/dark/assets/fonts/Pe-icon-7-strokebb1d.woff]
[ui-themez.smartinnovates.net/items/Gavi/dark/assets/fonts/Pe-icon-7-strokebb1d.ttf]
[ui-themez.smartinnovates.net/items/Gavi/dark/assets/fonts/Pe-icon-7-strokebb1d.svg]
[ui-themez.smartinnovates.net/items/Gavi/dark/assets/css/plugins/pe-icon-7-stroke.css]
[ui-themez.smartinnovates.net/items/Gavi/dark/assets/fonts/fa-brands-400.eot]
[ui-themez.smartinnovates.net/items/Gavi/dark/assets/fonts/fa-brands-400d41d.eot]
[ui-themez.smartinnovates.net/items/Gavi/dark/assets/fonts/fa-brands-400.woff2]
[ui-themez.smartinnovates.net/items/Gavi/dark/assets/fonts/fa-brands-400.woff]
[ui-themez.smartinnovates.net/items/Gavi/dark/assets/fonts/fa-brands-400.ttf]
[ui-themez.smartinnovates.net/items/Gavi/dark/assets/fonts/fa-brands-400.svg]
[ui-themez.smartinnovates.net/items/Gavi/dark/assets/fonts/fa-regular-400.eot]
[ui-themez.smartinnovates.net/items/Gavi/dark/assets/fonts/fa-regular-400d41d.eot]
[ui-themez.smartinnovates.net/items/Gavi/dark/assets/fonts/fa-regular-400.woff2]
[ui-themez.smartinnovates.net/items/Gavi/dark/assets/fonts/fa-regular-400.woff]
[ui-themez.smartinnovates.net/items/Gavi/dark/assets/fonts/fa-regular-400.ttf]
[ui-themez.smartinnovates.net/items/Gavi/dark/assets/fonts/fa-regular-400.svg]
[ui-themez.smartinnovates.net/items/Gavi/dark/assets/fonts/fa-solid-900.eot]
[ui-themez.smartinnovates.net/items/Gavi/dark/assets/fonts/fa-solid-900.woff2]
[ui-themez.smartinnovates.net/items/Gavi/dark/assets/fonts/fa-solid-900d41d.eot]
[ui-themez.smartinnovates.net/items/Gavi/dark/assets/fonts/fa-solid-900.woff]
[ui-themez.smartinnovates.net/items/Gavi/dark/assets/fonts/fa-solid-900.ttf]
[ui-themez.smartinnovates.net/items/Gavi/dark/assets/fonts/fa-solid-900.svg]
[ui-themez.smartinnovates.net/items/Gavi/dark/assets/css/plugins/fontawesome-all.min.css]
[ui-themez.smartinnovates.net/items/Gavi/dark/assets/css/plugins/justifiedGallery.min.css]
[ui-themez.smartinnovates.net/items/Gavi/dark/assets/css/plugins/magnific-popup.css]
[ui-themez.smartinnovates.net/items/Gavi/dark/assets/css/images/close.png]
[ui-themez.smartinnovates.net/items/Gavi/dark/assets/css/plugins/YouTubePopUp.css]
[ui-themez.smartinnovates.net/items/Gavi/dark/assets/css/plugins/swiper.min.css]
[ui-themez.smartinnovates.net/items/Gavi/dark/assets/fonts/ionicons28b5.html]
[ui-themez.smartinnovates.net/items/Gavi/dark/assets/fonts/Pe-icon-7-strokebb1d.html]
[ui-themez.smartinnovates.net/items/Gavi/dark/assets/fonts/fa-brands-400.html]
[ui-themez.smartinnovates.net/items/Gavi/dark/assets/fonts/fa-regular-400.html]
[ui-themez.smartinnovates.net/items/Gavi/dark/assets/fonts/fa-solid-900.html]
[ui-themez.smartinnovates.net/items/Gavi/dark/assets/css/images/close.html]
